# JRE version: OpenJDK Runtime Environment (8.0_252-b09) (build 1.8.0_252-8u252-b09-1~18.04-b09)
# Java VM: OpenJDK 64-Bit Server VM (25.252-b09 mixed mode linux-amd64 compressed oops)
Heap:
 def new generation   total 78656K, used 64599K [0x00000000f0000000, 0x00000000f5550000, 0x00000000f5550000)
  eden space 69952K,  79% used [0x00000000f0000000, 0x00000000f3695ef0, 0x00000000f4450000)
  from space 8704K,  99% used [0x00000000f4450000, 0x00000000f4ccfff8, 0x00000000f4cd0000)
  to   space 8704K,   0% used [0x00000000f4cd0000, 0x00000000f4cd0000, 0x00000000f5550000)
 tenured generation   total 174784K, used 159292K [0x00000000f5550000, 0x0000000100000000, 0x0000000100000000)
   the space 174784K,  91% used [0x00000000f5550000, 0x00000000ff0df358, 0x00000000ff0df400, 0x0000000100000000)
 Metaspace       used 165870K, capacity 173882K, committed 279040K, reserved 1284096K
  class space    used 21553K, capacity 22803K, committed 43520K, reserved 1048576K
GC Heap History (10 events):
Event: 307658.084 GC heap before
{Heap before GC invocations=813 (full 41):
 def new generation   total 78656K, used 69952K [0x00000000f0000000, 0x00000000f5550000, 0x00000000f5550000)
  eden space 69952K, 100% used [0x00000000f0000000, 0x00000000f4450000, 0x00000000f4450000)
  from space 8704K,   0% used [0x00000000f4450000, 0x00000000f4450000, 0x00000000f4cd0000)
  to   space 8704K,   0% used [0x00000000f4cd0000, 0x00000000f4cd0000, 0x00000000f5550000)
 tenured generation   total 174784K, used 147061K [0x00000000f5550000, 0x0000000100000000, 0x0000000100000000)
   the space 174784K,  84% used [0x00000000f5550000, 0x00000000fe4ed558, 0x00000000fe4ed600, 0x0000000100000000)
 Metaspace       used 165875K, capacity 173894K, committed 279040K, reserved 1284096K
  class space    used 21554K, capacity 22805K, committed 43520K, reserved 1048576K
Event: 307658.106 GC heap after
Heap after GC invocations=814 (full 41):
 def new generation   total 78656K, used 8704K [0x00000000f0000000, 0x00000000f5550000, 0x00000000f5550000)
  eden space 69952K,   0% used [0x00000000f0000000, 0x00000000f0000000, 0x00000000f4450000)
  from space 8704K, 100% used [0x00000000f4cd0000, 0x00000000f5550000, 0x00000000f5550000)
  to   space 8704K,   0% used [0x00000000f4450000, 0x00000000f4450000, 0x00000000f4cd0000)
 tenured generation   total 174784K, used 152214K [0x00000000f5550000, 0x0000000100000000, 0x0000000100000000)
   the space 174784K,  87% used [0x00000000f5550000, 0x00000000fe9f5ab8, 0x00000000fe9f5c00, 0x0000000100000000)
 Metaspace       used 165875K, capacity 173894K, committed 279040K, reserved 1284096K
  class space    used 21554K, capacity 22805K, committed 43520K, reserved 1048576K
}
Event: 311176.048 GC heap before
{Heap before GC invocations=814 (full 41):
 def new generation   total 78656K, used 78656K [0x00000000f0000000, 0x00000000f5550000, 0x00000000f5550000)
  eden space 69952K, 100% used [0x00000000f0000000, 0x00000000f4450000, 0x00000000f4450000)
  from space 8704K, 100% used [0x00000000f4cd0000, 0x00000000f5550000, 0x00000000f5550000)
  to   space 8704K,   0% used [0x00000000f4450000, 0x00000000f4450000, 0x00000000f4cd0000)
 tenured generation   total 174784K, used 152214K [0x00000000f5550000, 0x0000000100000000, 0x0000000100000000)
   the space 174784K,  87% used [0x00000000f5550000, 0x00000000fe9f5ab8, 0x00000000fe9f5c00, 0x0000000100000000)
 Metaspace       used 165875K, capacity 173894K, committed 279040K, reserved 1284096K
  class space    used 21554K, capacity 22805K, committed 43520K, reserved 1048576K
Event: 311176.072 GC heap after
Heap after GC invocations=815 (full 41):
 def new generation   total 78656K, used 8704K [0x00000000f0000000, 0x00000000f5550000, 0x00000000f5550000)
  eden space 69952K,   0% used [0x00000000f0000000, 0x00000000f0000000, 0x00000000f4450000)
  from space 8704K, 100% used [0x00000000f4450000, 0x00000000f4cd0000, 0x00000000f4cd0000)
  to   space 8704K,   0% used [0x00000000f4cd0000, 0x00000000f4cd0000, 0x00000000f5550000)
 tenured generation   total 174784K, used 165398K [0x00000000f5550000, 0x0000000100000000, 0x0000000100000000)
   the space 174784K,  94% used [0x00000000f5550000, 0x00000000ff6d5be8, 0x00000000ff6d5c00, 0x0000000100000000)
 Metaspace       used 165875K, capacity 173894K, committed 279040K, reserved 1284096K
  class space    used 21554K, capacity 22805K, committed 43520K, reserved 1048576K
}
Event: 314735.148 GC heap before
{Heap before GC invocations=815 (full 41):
 def new generation   total 78656K, used 78656K [0x00000000f0000000, 0x00000000f5550000, 0x00000000f5550000)
  eden space 69952K, 100% used [0x00000000f0000000, 0x00000000f4450000, 0x00000000f4450000)
  from space 8704K, 100% used [0x00000000f4450000, 0x00000000f4cd0000, 0x00000000f4cd0000)
  to   space 8704K,   0% used [0x00000000f4cd0000, 0x00000000f4cd0000, 0x00000000f5550000)
 tenured generation   total 174784K, used 165398K [0x00000000f5550000, 0x0000000100000000, 0x0000000100000000)
   the space 174784K,  94% used [0x00000000f5550000, 0x00000000ff6d5be8, 0x00000000ff6d5c00, 0x0000000100000000)
 Metaspace       used 165877K, capacity 173894K, committed 279040K, reserved 1284096K
  class space    used 21554K, capacity 22805K, committed 43520K, reserved 1048576K
Event: 314735.534 GC heap after
Heap after GC invocations=816 (full 42):
 def new generation   total 78656K, used 0K [0x00000000f0000000, 0x00000000f5550000, 0x00000000f5550000)
  eden space 69952K,   0% used [0x00000000f0000000, 0x00000000f0000000, 0x00000000f4450000)
  from space 8704K,   0% used [0x00000000f4450000, 0x00000000f4450000, 0x00000000f4cd0000)
  to   space 8704K,   0% used [0x00000000f4cd0000, 0x00000000f4cd0000, 0x00000000f5550000)
 tenured generation   total 174784K, used 140963K [0x00000000f5550000, 0x0000000100000000, 0x0000000100000000)
   the space 174784K,  80% used [0x00000000f5550000, 0x00000000fdef8e68, 0x00000000fdef9000, 0x0000000100000000)
 Metaspace       used 165870K, capacity 173882K, committed 279040K, reserved 1284096K
  class space    used 21553K, capacity 22803K, committed 43520K, reserved 1048576K
}
Event: 318275.860 GC heap before
{Heap before GC invocations=816 (full 42):
 def new generation   total 78656K, used 69952K [0x00000000f0000000, 0x00000000f5550000, 0x00000000f5550000)
  eden space 69952K, 100% used [0x00000000f0000000, 0x00000000f4450000, 0x00000000f4450000)
  from space 8704K,   0% used [0x00000000f4450000, 0x00000000f4450000, 0x00000000f4cd0000)
  to   space 8704K,   0% used [0x00000000f4cd0000, 0x00000000f4cd0000, 0x00000000f5550000)
 tenured generation   total 174784K, used 140963K [0x00000000f5550000, 0x0000000100000000, 0x0000000100000000)
   the space 174784K,  80% used [0x00000000f5550000, 0x00000000fdef8e68, 0x00000000fdef9000, 0x0000000100000000)
 Metaspace       used 165870K, capacity 173882K, committed 279040K, reserved 1284096K
  class space    used 21553K, capacity 22803K, committed 43520K, reserved 1048576K
Event: 318275.880 GC heap after
Heap after GC invocations=817 (full 42):
 def new generation   total 78656K, used 8703K [0x00000000f0000000, 0x00000000f5550000, 0x00000000f5550000)
  eden space 69952K,   0% used [0x00000000f0000000, 0x00000000f0000000, 0x00000000f4450000)
  from space 8704K,  99% used [0x00000000f4cd0000, 0x00000000f554fff8, 0x00000000f5550000)
  to   space 8704K,   0% used [0x00000000f4450000, 0x00000000f4450000, 0x00000000f4cd0000)
 tenured generation   total 174784K, used 145909K [0x00000000f5550000, 0x0000000100000000, 0x0000000100000000)
   the space 174784K,  83% used [0x00000000f5550000, 0x00000000fe3cd740, 0x00000000fe3cd800, 0x0000000100000000)
 Metaspace       used 165870K, capacity 173882K, committed 279040K, reserved 1284096K
  class space    used 21553K, capacity 22803K, committed 43520K, reserved 1048576K
}
Event: 321822.347 GC heap before
{Heap before GC invocations=817 (full 42):
 def new generation   total 78656K, used 78655K [0x00000000f0000000, 0x00000000f5550000, 0x00000000f5550000)
  eden space 69952K, 100% used [0x00000000f0000000, 0x00000000f4450000, 0x00000000f4450000)
  from space 8704K,  99% used [0x00000000f4cd0000, 0x00000000f554fff8, 0x00000000f5550000)
  to   space 8704K,   0% used [0x00000000f4450000, 0x00000000f4450000, 0x00000000f4cd0000)
 tenured generation   total 174784K, used 145909K [0x00000000f5550000, 0x0000000100000000, 0x0000000100000000)
   the space 174784K,  83% used [0x00000000f5550000, 0x00000000fe3cd740, 0x00000000fe3cd800, 0x0000000100000000)
 Metaspace       used 165870K, capacity 173882K, committed 279040K, reserved 1284096K
  class space    used 21553K, capacity 22803K, committed 43520K, reserved 1048576K
Event: 321822.373 GC heap after
Heap after GC invocations=818 (full 42):
 def new generation   total 78656K, used 8703K [0x00000000f0000000, 0x00000000f5550000, 0x00000000f5550000)
  eden space 69952K,   0% used [0x00000000f0000000, 0x00000000f0000000, 0x00000000f4450000)
  from space 8704K,  99% used [0x00000000f4450000, 0x00000000f4ccfff8, 0x00000000f4cd0000)
  to   space 8704K,   0% used [0x00000000f4cd0000, 0x00000000f4cd0000, 0x00000000f5550000)
 tenured generation   total 174784K, used 159292K [0x00000000f5550000, 0x0000000100000000, 0x0000000100000000)
   the space 174784K,  91% used [0x00000000f5550000, 0x00000000ff0df358, 0x00000000ff0df400, 0x0000000100000000)
 Metaspace       used 165870K, capacity 173882K, committed 279040K, reserved 1284096K
  class space    used 21553K, capacity 22803K, committed 43520K, reserved 1048576K
}

